<?xml version="1.0" encoding="UTF-8"?>
<coverage generated="1676543416589" clover="3.2.0">
  <project timestamp="1676543416590" name="All files">
    <metrics statements="93" coveredstatements="58" conditionals="19" coveredconditionals="10" methods="42" coveredmethods="23" elements="154" coveredelements="91" complexity="0" loc="93" ncloc="93" packages="2" files="8" classes="8"/>
    <package name="src">
      <metrics statements="92" coveredstatements="57" conditionals="19" coveredconditionals="10" methods="42" coveredmethods="23"/>
      <file name="app.jsx" path="/Users/yagneshmodh/Documents/Projects/js-react-co-buffer/src/app.jsx">
        <metrics statements="71" coveredstatements="41" conditionals="19" coveredconditionals="10" methods="30" coveredmethods="16"/>
        <line num="11" count="1" type="stmt"/>
        <line num="15" count="5" type="stmt"/>
        <line num="17" count="1" type="cond" truecount="1" falsecount="0"/>
        <line num="18" count="5" type="stmt"/>
        <line num="19" count="5" type="cond" truecount="2" falsecount="0"/>
        <line num="22" count="1" type="stmt"/>
        <line num="28" count="0" type="stmt"/>
        <line num="29" count="0" type="cond" truecount="0" falsecount="4"/>
        <line num="30" count="0" type="stmt"/>
        <line num="36" count="0" type="stmt"/>
        <line num="40" count="4" type="stmt"/>
        <line num="46" count="4" type="stmt"/>
        <line num="49" count="4" type="stmt"/>
        <line num="52" count="4" type="stmt"/>
        <line num="53" count="4" type="stmt"/>
        <line num="54" count="4" type="stmt"/>
        <line num="55" count="4" type="stmt"/>
        <line num="59" count="4" type="stmt"/>
        <line num="60" count="4" type="cond" truecount="1" falsecount="1"/>
        <line num="61" count="0" type="stmt"/>
        <line num="66" count="4" type="stmt"/>
        <line num="70" count="4" type="stmt"/>
        <line num="76" count="0" type="stmt"/>
        <line num="82" count="4" type="stmt"/>
        <line num="83" count="1" type="stmt"/>
        <line num="84" count="1" type="stmt"/>
        <line num="85" count="1" type="stmt"/>
        <line num="86" count="1" type="stmt"/>
        <line num="90" count="1" type="stmt"/>
        <line num="95" count="1" type="stmt"/>
        <line num="96" count="1" type="stmt"/>
        <line num="101" count="1" type="stmt"/>
        <line num="105" count="0" type="stmt"/>
        <line num="111" count="4" type="stmt"/>
        <line num="112" count="0" type="stmt"/>
        <line num="113" count="0" type="stmt"/>
        <line num="114" count="0" type="stmt"/>
        <line num="115" count="0" type="stmt"/>
        <line num="123" count="0" type="stmt"/>
        <line num="131" count="0" type="stmt"/>
        <line num="132" count="0" type="stmt"/>
        <line num="133" count="0" type="stmt"/>
        <line num="135" count="0" type="stmt"/>
        <line num="149" count="0" type="stmt"/>
        <line num="160" count="4" type="stmt"/>
        <line num="161" count="0" type="stmt"/>
        <line num="164" count="0" type="cond" truecount="0" falsecount="2"/>
        <line num="165" count="0" type="stmt"/>
        <line num="166" count="0" type="stmt"/>
        <line num="167" count="0" type="stmt"/>
        <line num="168" count="0" type="stmt"/>
        <line num="175" count="0" type="stmt"/>
        <line num="177" count="0" type="stmt"/>
        <line num="178" count="0" type="stmt"/>
        <line num="179" count="0" type="stmt"/>
        <line num="181" count="0" type="stmt"/>
        <line num="194" count="0" type="stmt"/>
        <line num="207" count="14" type="stmt"/>
        <line num="209" count="14" type="stmt"/>
        <line num="210" count="5" type="stmt"/>
        <line num="213" count="14" type="stmt"/>
        <line num="214" count="5" type="stmt"/>
        <line num="217" count="14" type="stmt"/>
        <line num="218" count="5" type="stmt"/>
        <line num="221" count="14" type="stmt"/>
        <line num="222" count="5" type="stmt"/>
        <line num="225" count="14" type="cond" truecount="2" falsecount="0"/>
        <line num="226" count="4" type="stmt"/>
        <line num="229" count="10" type="cond" truecount="1" falsecount="1"/>
        <line num="230" count="0" type="stmt"/>
        <line num="233" count="10" type="stmt"/>
      </file>
      <file name="style.scss" path="/Users/yagneshmodh/Documents/Projects/js-react-co-buffer/src/style.scss">
        <metrics statements="1" coveredstatements="1" conditionals="0" coveredconditionals="0" methods="0" coveredmethods="0"/>
        <line num="1" count="1" type="stmt"/>
      </file>
      <file name="todo.scss" path="/Users/yagneshmodh/Documents/Projects/js-react-co-buffer/src/todo.scss">
        <metrics statements="1" coveredstatements="1" conditionals="0" coveredconditionals="0" methods="0" coveredmethods="0"/>
        <line num="1" count="1" type="stmt"/>
      </file>
      <file name="todoFilter.jsx" path="/Users/yagneshmodh/Documents/Projects/js-react-co-buffer/src/todoFilter.jsx">
        <metrics statements="5" coveredstatements="2" conditionals="0" coveredconditionals="0" methods="4" coveredmethods="1"/>
        <line num="6" count="8" type="stmt"/>
        <line num="13" count="0" type="stmt"/>
        <line num="22" count="0" type="stmt"/>
        <line num="31" count="0" type="stmt"/>
        <line num="39" count="1" type="stmt"/>
      </file>
      <file name="todoForm.jsx" path="/Users/yagneshmodh/Documents/Projects/js-react-co-buffer/src/todoForm.jsx">
        <metrics statements="4" coveredstatements="4" conditionals="0" coveredconditionals="0" methods="1" coveredmethods="1"/>
        <line num="4" count="1" type="stmt"/>
        <line num="6" count="10" type="stmt"/>
        <line num="29" count="1" type="stmt"/>
        <line num="38" count="1" type="stmt"/>
      </file>
      <file name="todoList.jsx" path="/Users/yagneshmodh/Documents/Projects/js-react-co-buffer/src/todoList.jsx">
        <metrics statements="5" coveredstatements="3" conditionals="0" coveredconditionals="0" methods="4" coveredmethods="2"/>
        <line num="12" count="6" type="stmt"/>
        <line num="15" count="7" type="stmt"/>
        <line num="21" count="0" type="stmt"/>
        <line num="24" count="0" type="stmt"/>
        <line num="32" count="1" type="stmt"/>
      </file>
      <file name="todoListItem.jsx" path="/Users/yagneshmodh/Documents/Projects/js-react-co-buffer/src/todoListItem.jsx">
        <metrics statements="5" coveredstatements="5" conditionals="0" coveredconditionals="0" methods="3" coveredmethods="3"/>
        <line num="12" count="10" type="stmt"/>
        <line num="28" count="1" type="stmt"/>
        <line num="42" count="1" type="stmt"/>
        <line num="50" count="2" type="stmt"/>
        <line num="70" count="2" type="stmt"/>
      </file>
    </package>
    <package name="src.utils">
      <metrics statements="1" coveredstatements="1" conditionals="0" coveredconditionals="0" methods="0" coveredmethods="0"/>
      <file name="axiosInstance.js" path="/Users/yagneshmodh/Documents/Projects/js-react-co-buffer/src/utils/axiosInstance.js">
        <metrics statements="1" coveredstatements="1" conditionals="0" coveredconditionals="0" methods="0" coveredmethods="0"/>
        <line num="3" count="1" type="stmt"/>
      </file>
    </package>
  </project>
</coverage>
