{"/Users/yagneshmodh/Documents/Projects/js-react-co-buffer/src/app.jsx": {"path":"/Users/yagneshmodh/Documents/Projects/js-react-co-buffer/src/app.jsx","statementMap":{"0":{"start":{"line":11,"column":21},"end":{"line":15,"column":59}},"1":{"start":{"line":15,"column":6},"end":{"line":15,"column":59}},"2":{"start":{"line":17,"column":21},"end":{"line":20,"column":3}},"3":{"start":{"line":18,"column":2},"end":{"line":20,"column":3}},"4":{"start":{"line":19,"column":11},"end":{"line":19,"column":58}},"5":{"start":{"line":22,"column":19},"end":{"line":37,"column":4}},"6":{"start":{"line":28,"column":2},"end":{"line":37,"column":4}},"7":{"start":{"line":29,"column":4},"end":{"line":35,"column":5}},"8":{"start":{"line":30,"column":6},"end":{"line":34,"column":8}},"9":{"start":{"line":36,"column":4},"end":{"line":36,"column":13}},"10":{"start":{"line":40,"column":10},"end":{"line":44,"column":3}},"11":{"start":{"line":46,"column":16},"end":{"line":46,"column":27}},"12":{"start":{"line":49,"column":4},"end":{"line":49,"column":25}},"13":{"start":{"line":52,"column":13},"end":{"line":80,"column":3}},"14":{"start":{"line":53,"column":17},"end":{"line":53,"column":28}},"15":{"start":{"line":54,"column":4},"end":{"line":79,"column":5}},"16":{"start":{"line":55,"column":6},"end":{"line":57,"column":10}},"17":{"start":{"line":55,"column":39},"end":{"line":57,"column":7}},"18":{"start":{"line":59,"column":19},"end":{"line":59,"column":21}},"19":{"start":{"line":60,"column":6},"end":{"line":64,"column":7}},"20":{"start":{"line":61,"column":8},"end":{"line":63,"column":10}},"21":{"start":{"line":66,"column":18},"end":{"line":68,"column":8}},"22":{"start":{"line":70,"column":6},"end":{"line":74,"column":10}},"23":{"start":{"line":70,"column":39},"end":{"line":74,"column":7}},"24":{"start":{"line":76,"column":6},"end":{"line":78,"column":10}},"25":{"start":{"line":76,"column":39},"end":{"line":78,"column":7}},"26":{"start":{"line":82,"column":12},"end":{"line":109,"column":3}},"27":{"start":{"line":83,"column":4},"end":{"line":83,"column":27}},"28":{"start":{"line":84,"column":17},"end":{"line":84,"column":27}},"29":{"start":{"line":85,"column":4},"end":{"line":108,"column":5}},"30":{"start":{"line":86,"column":6},"end":{"line":88,"column":10}},"31":{"start":{"line":86,"column":39},"end":{"line":88,"column":7}},"32":{"start":{"line":90,"column":18},"end":{"line":93,"column":8}},"33":{"start":{"line":95,"column":6},"end":{"line":103,"column":8}},"34":{"start":{"line":96,"column":37},"end":{"line":99,"column":9}},"35":{"start":{"line":101,"column":10},"end":{"line":101,"column":46}},"36":{"start":{"line":105,"column":6},"end":{"line":107,"column":10}},"37":{"start":{"line":105,"column":39},"end":{"line":107,"column":7}},"38":{"start":{"line":111,"column":15},"end":{"line":158,"column":3}},"39":{"start":{"line":112,"column":17},"end":{"line":112,"column":30}},"40":{"start":{"line":113,"column":22},"end":{"line":113,"column":29}},"41":{"start":{"line":114,"column":4},"end":{"line":157,"column":5}},"42":{"start":{"line":115,"column":6},"end":{"line":121,"column":10}},"43":{"start":{"line":115,"column":39},"end":{"line":121,"column":7}},"44":{"start":{"line":123,"column":18},"end":{"line":129,"column":7}},"45":{"start":{"line":131,"column":6},"end":{"line":147,"column":9}},"46":{"start":{"line":132,"column":22},"end":{"line":134,"column":9}},"47":{"start":{"line":133,"column":17},"end":{"line":133,"column":33}},"48":{"start":{"line":135,"column":8},"end":{"line":146,"column":10}},"49":{"start":{"line":149,"column":6},"end":{"line":156,"column":10}},"50":{"start":{"line":149,"column":39},"end":{"line":156,"column":7}},"51":{"start":{"line":160,"column":15},"end":{"line":204,"column":3}},"52":{"start":{"line":161,"column":24},"end":{"line":163,"column":5}},"53":{"start":{"line":164,"column":4},"end":{"line":203,"column":5}},"54":{"start":{"line":165,"column":19},"end":{"line":165,"column":32}},"55":{"start":{"line":166,"column":24},"end":{"line":166,"column":31}},"56":{"start":{"line":167,"column":6},"end":{"line":202,"column":7}},"57":{"start":{"line":168,"column":8},"end":{"line":174,"column":12}},"58":{"start":{"line":168,"column":41},"end":{"line":174,"column":9}},"59":{"start":{"line":175,"column":8},"end":{"line":175,"column":58}},"60":{"start":{"line":177,"column":8},"end":{"line":192,"column":11}},"61":{"start":{"line":178,"column":24},"end":{"line":180,"column":11}},"62":{"start":{"line":179,"column":19},"end":{"line":179,"column":35}},"63":{"start":{"line":181,"column":10},"end":{"line":191,"column":12}},"64":{"start":{"line":194,"column":8},"end":{"line":201,"column":12}},"65":{"start":{"line":194,"column":41},"end":{"line":201,"column":9}},"66":{"start":{"line":207,"column":49},"end":{"line":207,"column":59}},"67":{"start":{"line":209,"column":26},"end":{"line":211,"column":5}},"68":{"start":{"line":210,"column":13},"end":{"line":210,"column":35}},"69":{"start":{"line":213,"column":25},"end":{"line":215,"column":5}},"70":{"start":{"line":214,"column":13},"end":{"line":214,"column":34}},"71":{"start":{"line":217,"column":28},"end":{"line":219,"column":5}},"72":{"start":{"line":218,"column":13},"end":{"line":218,"column":37}},"73":{"start":{"line":221,"column":28},"end":{"line":223,"column":5}},"74":{"start":{"line":222,"column":13},"end":{"line":222,"column":37}},"75":{"start":{"line":225,"column":4},"end":{"line":227,"column":5}},"76":{"start":{"line":226,"column":6},"end":{"line":226,"column":33}},"77":{"start":{"line":229,"column":4},"end":{"line":231,"column":5}},"78":{"start":{"line":230,"column":6},"end":{"line":230,"column":46}},"79":{"start":{"line":233,"column":4},"end":{"line":257,"column":6}}},"fnMap":{"0":{"name":"(anonymous_0)","decl":{"start":{"line":11,"column":21},"end":{"line":11,"column":22}},"loc":{"start":{"line":15,"column":6},"end":{"line":15,"column":59}},"line":15},"1":{"name":"(anonymous_1)","decl":{"start":{"line":17,"column":21},"end":{"line":17,"column":22}},"loc":{"start":{"line":18,"column":2},"end":{"line":20,"column":3}},"line":18},"2":{"name":"(anonymous_2)","decl":{"start":{"line":19,"column":4},"end":{"line":19,"column":5}},"loc":{"start":{"line":19,"column":11},"end":{"line":19,"column":58}},"line":19},"3":{"name":"(anonymous_3)","decl":{"start":{"line":22,"column":19},"end":{"line":22,"column":20}},"loc":{"start":{"line":28,"column":2},"end":{"line":37,"column":4}},"line":28},"4":{"name":"(anonymous_4)","decl":{"start":{"line":28,"column":15},"end":{"line":28,"column":16}},"loc":{"start":{"line":28,"column":22},"end":{"line":37,"column":3}},"line":28},"5":{"name":"(anonymous_5)","decl":{"start":{"line":48,"column":2},"end":{"line":48,"column":3}},"loc":{"start":{"line":48,"column":22},"end":{"line":50,"column":3}},"line":48},"6":{"name":"(anonymous_6)","decl":{"start":{"line":52,"column":13},"end":{"line":52,"column":14}},"loc":{"start":{"line":52,"column":37},"end":{"line":80,"column":3}},"line":52},"7":{"name":"(anonymous_7)","decl":{"start":{"line":55,"column":20},"end":{"line":55,"column":21}},"loc":{"start":{"line":55,"column":39},"end":{"line":57,"column":7}},"line":55},"8":{"name":"(anonymous_8)","decl":{"start":{"line":70,"column":20},"end":{"line":70,"column":21}},"loc":{"start":{"line":70,"column":39},"end":{"line":74,"column":7}},"line":70},"9":{"name":"(anonymous_9)","decl":{"start":{"line":76,"column":20},"end":{"line":76,"column":21}},"loc":{"start":{"line":76,"column":39},"end":{"line":78,"column":7}},"line":76},"10":{"name":"(anonymous_10)","decl":{"start":{"line":82,"column":12},"end":{"line":82,"column":13}},"loc":{"start":{"line":82,"column":29},"end":{"line":109,"column":3}},"line":82},"11":{"name":"(anonymous_11)","decl":{"start":{"line":86,"column":20},"end":{"line":86,"column":21}},"loc":{"start":{"line":86,"column":39},"end":{"line":88,"column":7}},"line":86},"12":{"name":"(anonymous_12)","decl":{"start":{"line":96,"column":8},"end":{"line":96,"column":9}},"loc":{"start":{"line":96,"column":37},"end":{"line":99,"column":9}},"line":96},"13":{"name":"(anonymous_13)","decl":{"start":{"line":100,"column":8},"end":{"line":100,"column":9}},"loc":{"start":{"line":100,"column":14},"end":{"line":102,"column":9}},"line":100},"14":{"name":"(anonymous_14)","decl":{"start":{"line":105,"column":20},"end":{"line":105,"column":21}},"loc":{"start":{"line":105,"column":39},"end":{"line":107,"column":7}},"line":105},"15":{"name":"(anonymous_15)","decl":{"start":{"line":111,"column":15},"end":{"line":111,"column":16}},"loc":{"start":{"line":111,"column":31},"end":{"line":158,"column":3}},"line":111},"16":{"name":"(anonymous_16)","decl":{"start":{"line":115,"column":20},"end":{"line":115,"column":21}},"loc":{"start":{"line":115,"column":39},"end":{"line":121,"column":7}},"line":115},"17":{"name":"(anonymous_17)","decl":{"start":{"line":131,"column":20},"end":{"line":131,"column":21}},"loc":{"start":{"line":131,"column":48},"end":{"line":147,"column":7}},"line":131},"18":{"name":"(anonymous_18)","decl":{"start":{"line":133,"column":10},"end":{"line":133,"column":11}},"loc":{"start":{"line":133,"column":17},"end":{"line":133,"column":33}},"line":133},"19":{"name":"(anonymous_19)","decl":{"start":{"line":149,"column":20},"end":{"line":149,"column":21}},"loc":{"start":{"line":149,"column":39},"end":{"line":156,"column":7}},"line":149},"20":{"name":"(anonymous_20)","decl":{"start":{"line":160,"column":15},"end":{"line":160,"column":16}},"loc":{"start":{"line":160,"column":31},"end":{"line":204,"column":3}},"line":160},"21":{"name":"(anonymous_21)","decl":{"start":{"line":168,"column":22},"end":{"line":168,"column":23}},"loc":{"start":{"line":168,"column":41},"end":{"line":174,"column":9}},"line":168},"22":{"name":"(anonymous_22)","decl":{"start":{"line":177,"column":22},"end":{"line":177,"column":23}},"loc":{"start":{"line":177,"column":50},"end":{"line":192,"column":9}},"line":177},"23":{"name":"(anonymous_23)","decl":{"start":{"line":179,"column":12},"end":{"line":179,"column":13}},"loc":{"start":{"line":179,"column":19},"end":{"line":179,"column":35}},"line":179},"24":{"name":"(anonymous_24)","decl":{"start":{"line":194,"column":22},"end":{"line":194,"column":23}},"loc":{"start":{"line":194,"column":41},"end":{"line":201,"column":9}},"line":194},"25":{"name":"(anonymous_25)","decl":{"start":{"line":206,"column":2},"end":{"line":206,"column":3}},"loc":{"start":{"line":206,"column":11},"end":{"line":258,"column":3}},"line":206},"26":{"name":"(anonymous_26)","decl":{"start":{"line":210,"column":6},"end":{"line":210,"column":7}},"loc":{"start":{"line":210,"column":13},"end":{"line":210,"column":35}},"line":210},"27":{"name":"(anonymous_27)","decl":{"start":{"line":214,"column":6},"end":{"line":214,"column":7}},"loc":{"start":{"line":214,"column":13},"end":{"line":214,"column":34}},"line":214},"28":{"name":"(anonymous_28)","decl":{"start":{"line":218,"column":6},"end":{"line":218,"column":7}},"loc":{"start":{"line":218,"column":13},"end":{"line":218,"column":37}},"line":218},"29":{"name":"(anonymous_29)","decl":{"start":{"line":222,"column":6},"end":{"line":222,"column":7}},"loc":{"start":{"line":222,"column":13},"end":{"line":222,"column":37}},"line":222}},"branchMap":{"0":{"loc":{"start":{"line":14,"column":2},"end":{"line":14,"column":16}},"type":"default-arg","locations":[{"start":{"line":14,"column":14},"end":{"line":14,"column":16}}],"line":14},"1":{"loc":{"start":{"line":17,"column":40},"end":{"line":17,"column":54}},"type":"default-arg","locations":[{"start":{"line":17,"column":52},"end":{"line":17,"column":54}}],"line":17},"2":{"loc":{"start":{"line":19,"column":13},"end":{"line":19,"column":57}},"type":"binary-expr","locations":[{"start":{"line":19,"column":13},"end":{"line":19,"column":28}},{"start":{"line":19,"column":32},"end":{"line":19,"column":57}}],"line":19},"3":{"loc":{"start":{"line":26,"column":2},"end":{"line":26,"column":16}},"type":"default-arg","locations":[{"start":{"line":26,"column":14},"end":{"line":26,"column":16}}],"line":26},"4":{"loc":{"start":{"line":29,"column":4},"end":{"line":35,"column":5}},"type":"if","locations":[{"start":{"line":29,"column":4},"end":{"line":35,"column":5}},{"start":{},"end":{}}],"line":29},"5":{"loc":{"start":{"line":29,"column":8},"end":{"line":29,"column":52}},"type":"binary-expr","locations":[{"start":{"line":29,"column":8},"end":{"line":29,"column":23}},{"start":{"line":29,"column":27},"end":{"line":29,"column":52}}],"line":29},"6":{"loc":{"start":{"line":60,"column":6},"end":{"line":64,"column":7}},"type":"if","locations":[{"start":{"line":60,"column":6},"end":{"line":64,"column":7}},{"start":{},"end":{}}],"line":60},"7":{"loc":{"start":{"line":164,"column":4},"end":{"line":203,"column":5}},"type":"if","locations":[{"start":{"line":164,"column":4},"end":{"line":203,"column":5}},{"start":{},"end":{}}],"line":164},"8":{"loc":{"start":{"line":225,"column":4},"end":{"line":227,"column":5}},"type":"if","locations":[{"start":{"line":225,"column":4},"end":{"line":227,"column":5}},{"start":{},"end":{}}],"line":225},"9":{"loc":{"start":{"line":229,"column":4},"end":{"line":231,"column":5}},"type":"if","locations":[{"start":{"line":229,"column":4},"end":{"line":231,"column":5}},{"start":{},"end":{}}],"line":229},"10":{"loc":{"start":{"line":242,"column":11},"end":{"line":250,"column":11}},"type":"binary-expr","locations":[{"start":{"line":242,"column":11},"end":{"line":242,"column":30}},{"start":{"line":243,"column":12},"end":{"line":249,"column":14}}],"line":242}},"s":{"0":1,"1":9,"2":1,"3":9,"4":9,"5":1,"6":0,"7":0,"8":0,"9":0,"10":6,"11":6,"12":6,"13":6,"14":6,"15":6,"16":6,"17":6,"18":6,"19":6,"20":0,"21":6,"22":6,"23":6,"24":0,"25":0,"26":6,"27":1,"28":1,"29":1,"30":1,"31":1,"32":1,"33":1,"34":1,"35":1,"36":0,"37":0,"38":6,"39":2,"40":2,"41":2,"42":2,"43":2,"44":2,"45":2,"46":2,"47":2,"48":2,"49":0,"50":0,"51":6,"52":0,"53":0,"54":0,"55":0,"56":0,"57":0,"58":0,"59":0,"60":0,"61":0,"62":0,"63":0,"64":0,"65":0,"66":24,"67":24,"68":9,"69":24,"70":9,"71":24,"72":9,"73":24,"74":9,"75":24,"76":6,"77":18,"78":0,"79":18},"f":{"0":9,"1":9,"2":9,"3":0,"4":0,"5":6,"6":6,"7":6,"8":6,"9":0,"10":1,"11":1,"12":1,"13":1,"14":0,"15":2,"16":2,"17":2,"18":2,"19":0,"20":0,"21":0,"22":0,"23":0,"24":0,"25":24,"26":9,"27":9,"28":9,"29":9},"b":{"0":[7],"1":[7],"2":[9,9],"3":[0],"4":[0,0],"5":[0,0],"6":[0,6],"7":[0,0],"8":[6,18],"9":[0,18],"10":[18,12]},"_coverageSchema":"1a1c01bbd47fc00a2c39e90264f33305004495a9","hash":"921a25cd3ffc0667371fcc585eebcbe48ee68414"}
,"/Users/yagneshmodh/Documents/Projects/js-react-co-buffer/src/style.scss": {"path":"/Users/yagneshmodh/Documents/Projects/js-react-co-buffer/src/style.scss","statementMap":{"0":{"start":{"line":1,"column":0},"end":{"line":1,"column":19}}},"fnMap":{},"branchMap":{},"s":{"0":1},"f":{},"b":{},"_coverageSchema":"1a1c01bbd47fc00a2c39e90264f33305004495a9","hash":"5e13b1c86a0f731fb37eeae0a98805fd597e7f12"}
,"/Users/yagneshmodh/Documents/Projects/js-react-co-buffer/src/todo.scss": {"path":"/Users/yagneshmodh/Documents/Projects/js-react-co-buffer/src/todo.scss","statementMap":{"0":{"start":{"line":1,"column":0},"end":{"line":1,"column":19}}},"fnMap":{},"branchMap":{},"s":{"0":1},"f":{},"b":{},"_coverageSchema":"1a1c01bbd47fc00a2c39e90264f33305004495a9","hash":"132a2201b3620552426b5d83728a0716a740a2ab"}
,"/Users/yagneshmodh/Documents/Projects/js-react-co-buffer/src/todoFilter.jsx": {"path":"/Users/yagneshmodh/Documents/Projects/js-react-co-buffer/src/todoFilter.jsx","statementMap":{"0":{"start":{"line":6,"column":2},"end":{"line":36,"column":4}},"1":{"start":{"line":13,"column":23},"end":{"line":13,"column":40}},"2":{"start":{"line":22,"column":23},"end":{"line":22,"column":44}},"3":{"start":{"line":31,"column":23},"end":{"line":31,"column":46}},"4":{"start":{"line":39,"column":0},"end":{"line":46,"column":2}}},"fnMap":{"0":{"name":"TodoFilter","decl":{"start":{"line":5,"column":9},"end":{"line":5,"column":19}},"loc":{"start":{"line":5,"column":50},"end":{"line":37,"column":1}},"line":5},"1":{"name":"(anonymous_1)","decl":{"start":{"line":13,"column":17},"end":{"line":13,"column":18}},"loc":{"start":{"line":13,"column":23},"end":{"line":13,"column":40}},"line":13},"2":{"name":"(anonymous_2)","decl":{"start":{"line":22,"column":17},"end":{"line":22,"column":18}},"loc":{"start":{"line":22,"column":23},"end":{"line":22,"column":44}},"line":22},"3":{"name":"(anonymous_3)","decl":{"start":{"line":31,"column":17},"end":{"line":31,"column":18}},"loc":{"start":{"line":31,"column":23},"end":{"line":31,"column":46}},"line":31}},"branchMap":{},"s":{"0":12,"1":0,"2":0,"3":0,"4":1},"f":{"0":12,"1":0,"2":0,"3":0},"b":{},"_coverageSchema":"1a1c01bbd47fc00a2c39e90264f33305004495a9","hash":"39b5449119a9f52589cfcdf335594efc268eb147"}
,"/Users/yagneshmodh/Documents/Projects/js-react-co-buffer/src/todoForm.jsx": {"path":"/Users/yagneshmodh/Documents/Projects/js-react-co-buffer/src/todoForm.jsx","statementMap":{"0":{"start":{"line":4,"column":17},"end":{"line":27,"column":1}},"1":{"start":{"line":6,"column":4},"end":{"line":25,"column":11}},"2":{"start":{"line":29,"column":0},"end":{"line":36,"column":2}},"3":{"start":{"line":38,"column":0},"end":{"line":40,"column":2}}},"fnMap":{"0":{"name":"(anonymous_0)","decl":{"start":{"line":5,"column":2},"end":{"line":5,"column":3}},"loc":{"start":{"line":6,"column":4},"end":{"line":25,"column":11}},"line":6}},"branchMap":{},"s":{"0":1,"1":14,"2":1,"3":1},"f":{"0":14},"b":{},"_coverageSchema":"1a1c01bbd47fc00a2c39e90264f33305004495a9","hash":"7b3e264dafb58b5c488e57b9fd5a247036a6f132"}
,"/Users/yagneshmodh/Documents/Projects/js-react-co-buffer/src/todoList.jsx": {"path":"/Users/yagneshmodh/Documents/Projects/js-react-co-buffer/src/todoList.jsx","statementMap":{"0":{"start":{"line":12,"column":2},"end":{"line":29,"column":4}},"1":{"start":{"line":15,"column":8},"end":{"line":26,"column":10}},"2":{"start":{"line":21,"column":19},"end":{"line":21,"column":39}},"3":{"start":{"line":24,"column":19},"end":{"line":24,"column":39}},"4":{"start":{"line":32,"column":0},"end":{"line":56,"column":2}}},"fnMap":{"0":{"name":"TodoList","decl":{"start":{"line":5,"column":9},"end":{"line":5,"column":17}},"loc":{"start":{"line":11,"column":3},"end":{"line":30,"column":1}},"line":11},"1":{"name":"(anonymous_1)","decl":{"start":{"line":14,"column":20},"end":{"line":14,"column":21}},"loc":{"start":{"line":15,"column":8},"end":{"line":26,"column":10}},"line":15},"2":{"name":"(anonymous_2)","decl":{"start":{"line":21,"column":12},"end":{"line":21,"column":13}},"loc":{"start":{"line":21,"column":19},"end":{"line":21,"column":39}},"line":21},"3":{"name":"(anonymous_3)","decl":{"start":{"line":24,"column":12},"end":{"line":24,"column":13}},"loc":{"start":{"line":24,"column":19},"end":{"line":24,"column":39}},"line":24}},"branchMap":{},"s":{"0":12,"1":13,"2":2,"3":0,"4":1},"f":{"0":12,"1":13,"2":2,"3":0},"b":{},"_coverageSchema":"1a1c01bbd47fc00a2c39e90264f33305004495a9","hash":"f57431a38d0ccd6ca1399b60187e3d104bf69c46"}
,"/Users/yagneshmodh/Documents/Projects/js-react-co-buffer/src/todoListItem.jsx": {"path":"/Users/yagneshmodh/Documents/Projects/js-react-co-buffer/src/todoListItem.jsx","statementMap":{"0":{"start":{"line":12,"column":2},"end":{"line":48,"column":4}},"1":{"start":{"line":28,"column":26},"end":{"line":28,"column":42}},"2":{"start":{"line":43,"column":23},"end":{"line":43,"column":39}},"3":{"start":{"line":51,"column":0},"end":{"line":69,"column":2}},"4":{"start":{"line":71,"column":0},"end":{"line":74,"column":2}}},"fnMap":{"0":{"name":"TodoListItem","decl":{"start":{"line":5,"column":9},"end":{"line":5,"column":21}},"loc":{"start":{"line":11,"column":3},"end":{"line":49,"column":1}},"line":11},"1":{"name":"(anonymous_1)","decl":{"start":{"line":28,"column":20},"end":{"line":28,"column":21}},"loc":{"start":{"line":28,"column":26},"end":{"line":28,"column":42}},"line":28},"2":{"name":"(anonymous_2)","decl":{"start":{"line":43,"column":17},"end":{"line":43,"column":18}},"loc":{"start":{"line":43,"column":23},"end":{"line":43,"column":39}},"line":43}},"branchMap":{},"s":{"0":16,"1":3,"2":1,"3":2,"4":2},"f":{"0":16,"1":3,"2":1},"b":{},"_coverageSchema":"1a1c01bbd47fc00a2c39e90264f33305004495a9","hash":"86787ba081e306dfdfa47203d6e096000f6c6019"}
,"/Users/yagneshmodh/Documents/Projects/js-react-co-buffer/src/utils/axiosInstance.js": {"path":"/Users/yagneshmodh/Documents/Projects/js-react-co-buffer/src/utils/axiosInstance.js","statementMap":{"0":{"start":{"line":3,"column":22},"end":{"line":7,"column":2}}},"fnMap":{},"branchMap":{},"s":{"0":1},"f":{},"b":{},"_coverageSchema":"1a1c01bbd47fc00a2c39e90264f33305004495a9","hash":"f68d457f97cab3e9f1a1c91f03885a305214bd6d"}
}
