TN:
SF:src/app.jsx
FN:11,(anonymous_0)
FN:17,(anonymous_1)
FN:19,(anonymous_2)
FN:22,(anonymous_3)
FN:28,(anonymous_4)
FN:48,(anonymous_5)
FN:52,(anonymous_6)
FN:55,(anonymous_7)
FN:72,(anonymous_8)
FN:78,(anonymous_9)
FN:84,(anonymous_10)
FN:88,(anonymous_11)
FN:98,(anonymous_12)
FN:102,(anonymous_13)
FN:107,(anonymous_14)
FN:113,(anonymous_15)
FN:117,(anonymous_16)
FN:133,(anonymous_17)
FN:135,(anonymous_18)
FN:151,(anonymous_19)
FN:162,(anonymous_20)
FN:166,(anonymous_21)
FN:175,(anonymous_22)
FN:177,(anonymous_23)
FN:192,(anonymous_24)
FN:203,(anonymous_25)
FN:207,(anonymous_26)
FN:211,(anonymous_27)
FN:215,(anonymous_28)
FN:219,(anonymous_29)
FNF:30
FNH:24
FNDA:13,(anonymous_0)
FNDA:13,(anonymous_1)
FNDA:13,(anonymous_2)
FNDA:0,(anonymous_3)
FNDA:0,(anonymous_4)
FNDA:8,(anonymous_5)
FNDA:9,(anonymous_6)
FNDA:9,(anonymous_7)
FNDA:9,(anonymous_8)
FNDA:0,(anonymous_9)
FNDA:1,(anonymous_10)
FNDA:1,(anonymous_11)
FNDA:1,(anonymous_12)
FNDA:1,(anonymous_13)
FNDA:0,(anonymous_14)
FNDA:2,(anonymous_15)
FNDA:2,(anonymous_16)
FNDA:2,(anonymous_17)
FNDA:2,(anonymous_18)
FNDA:0,(anonymous_19)
FNDA:1,(anonymous_20)
FNDA:1,(anonymous_21)
FNDA:1,(anonymous_22)
FNDA:1,(anonymous_23)
FNDA:0,(anonymous_24)
FNDA:34,(anonymous_25)
FNDA:13,(anonymous_26)
FNDA:13,(anonymous_27)
FNDA:13,(anonymous_28)
FNDA:13,(anonymous_29)
DA:11,1
DA:15,13
DA:17,1
DA:18,13
DA:19,13
DA:22,1
DA:28,0
DA:29,0
DA:30,0
DA:36,0
DA:40,8
DA:46,8
DA:49,8
DA:52,8
DA:53,9
DA:54,9
DA:55,9
DA:59,9
DA:60,9
DA:61,1
DA:66,9
DA:70,9
DA:72,9
DA:78,0
DA:84,8
DA:85,1
DA:86,1
DA:87,1
DA:88,1
DA:92,1
DA:97,1
DA:98,1
DA:103,1
DA:107,0
DA:113,8
DA:114,2
DA:115,2
DA:116,2
DA:117,2
DA:125,2
DA:133,2
DA:134,2
DA:135,2
DA:137,2
DA:151,0
DA:162,8
DA:163,1
DA:164,1
DA:165,1
DA:166,1
DA:173,1
DA:175,1
DA:176,1
DA:177,1
DA:179,1
DA:192,0
DA:204,34
DA:206,34
DA:207,13
DA:210,34
DA:211,13
DA:214,34
DA:215,13
DA:218,34
DA:219,13
DA:222,34
DA:223,9
DA:226,25
DA:227,0
DA:230,25
LF:70
LH:61
BRDA:14,0,0,10
BRDA:17,1,0,10
BRDA:19,2,0,13
BRDA:19,2,1,13
BRDA:26,3,0,0
BRDA:29,4,0,0
BRDA:29,4,1,0
BRDA:29,5,0,0
BRDA:29,5,1,0
BRDA:60,6,0,1
BRDA:60,6,1,8
BRDA:222,7,0,9
BRDA:222,7,1,25
BRDA:226,8,0,0
BRDA:226,8,1,25
BRDA:239,9,0,25
BRDA:239,9,1,16
BRF:17
BRH:11
end_of_record
TN:
SF:src/style.scss
FNF:0
FNH:0
DA:1,1
LF:1
LH:1
BRF:0
BRH:0
end_of_record
TN:
SF:src/todo.scss
FNF:0
FNH:0
DA:1,1
LF:1
LH:1
BRF:0
BRH:0
end_of_record
TN:
SF:src/todoFilter.jsx
FN:5,TodoFilter
FN:13,(anonymous_1)
FN:22,(anonymous_2)
FN:31,(anonymous_3)
FNF:4
FNH:2
FNDA:17,TodoFilter
FNDA:0,(anonymous_1)
FNDA:1,(anonymous_2)
FNDA:0,(anonymous_3)
DA:6,17
DA:13,0
DA:22,1
DA:31,0
DA:39,1
LF:5
LH:3
BRF:0
BRH:0
end_of_record
TN:
SF:src/todoForm.jsx
FN:5,(anonymous_0)
FNF:1
FNH:1
FNDA:19,(anonymous_0)
DA:4,1
DA:6,19
DA:29,1
DA:38,1
LF:4
LH:4
BRF:0
BRH:0
end_of_record
TN:
SF:src/todoList.jsx
FN:5,TodoList
FN:14,(anonymous_1)
FN:21,(anonymous_2)
FN:24,(anonymous_3)
FNF:4
FNH:4
FNDA:16,TodoList
FNDA:18,(anonymous_1)
FNDA:2,(anonymous_2)
FNDA:1,(anonymous_3)
DA:12,16
DA:15,18
DA:21,2
DA:24,1
DA:32,1
LF:5
LH:5
BRF:0
BRH:0
end_of_record
TN:
SF:src/todoListItem.jsx
FN:5,TodoListItem
FN:28,(anonymous_1)
FN:43,(anonymous_2)
FNF:3
FNH:3
FNDA:21,TodoListItem
FNDA:3,(anonymous_1)
FNDA:2,(anonymous_2)
DA:12,21
DA:28,3
DA:43,2
DA:51,2
DA:71,2
LF:5
LH:5
BRF:0
BRH:0
end_of_record
TN:
SF:src/utils/axiosInstance.js
FNF:0
FNH:0
DA:3,1
LF:1
LH:1
BRF:0
BRH:0
end_of_record
