TN:
SF:src/app.jsx
FN:11,(anonymous_0)
FN:17,(anonymous_1)
FN:19,(anonymous_2)
FN:22,(anonymous_3)
FN:28,(anonymous_4)
FN:48,(anonymous_5)
FN:52,(anonymous_6)
FN:55,(anonymous_7)
FN:70,(anonymous_8)
FN:76,(anonymous_9)
FN:82,(anonymous_10)
FN:86,(anonymous_11)
FN:96,(anonymous_12)
FN:100,(anonymous_13)
FN:105,(anonymous_14)
FN:111,(anonymous_15)
FN:115,(anonymous_16)
FN:131,(anonymous_17)
FN:133,(anonymous_18)
FN:149,(anonymous_19)
FN:160,(anonymous_20)
FN:168,(anonymous_21)
FN:177,(anonymous_22)
FN:179,(anonymous_23)
FN:194,(anonymous_24)
FN:206,(anonymous_25)
FN:210,(anonymous_26)
FN:214,(anonymous_27)
FN:218,(anonymous_28)
FN:222,(anonymous_29)
FNF:30
FNH:20
FNDA:9,(anonymous_0)
FNDA:9,(anonymous_1)
FNDA:9,(anonymous_2)
FNDA:0,(anonymous_3)
FNDA:0,(anonymous_4)
FNDA:6,(anonymous_5)
FNDA:6,(anonymous_6)
FNDA:6,(anonymous_7)
FNDA:6,(anonymous_8)
FNDA:0,(anonymous_9)
FNDA:1,(anonymous_10)
FNDA:1,(anonymous_11)
FNDA:1,(anonymous_12)
FNDA:1,(anonymous_13)
FNDA:0,(anonymous_14)
FNDA:2,(anonymous_15)
FNDA:2,(anonymous_16)
FNDA:2,(anonymous_17)
FNDA:2,(anonymous_18)
FNDA:0,(anonymous_19)
FNDA:0,(anonymous_20)
FNDA:0,(anonymous_21)
FNDA:0,(anonymous_22)
FNDA:0,(anonymous_23)
FNDA:0,(anonymous_24)
FNDA:24,(anonymous_25)
FNDA:9,(anonymous_26)
FNDA:9,(anonymous_27)
FNDA:9,(anonymous_28)
FNDA:9,(anonymous_29)
DA:11,1
DA:15,9
DA:17,1
DA:18,9
DA:19,9
DA:22,1
DA:28,0
DA:29,0
DA:30,0
DA:36,0
DA:40,6
DA:46,6
DA:49,6
DA:52,6
DA:53,6
DA:54,6
DA:55,6
DA:59,6
DA:60,6
DA:61,0
DA:66,6
DA:70,6
DA:76,0
DA:82,6
DA:83,1
DA:84,1
DA:85,1
DA:86,1
DA:90,1
DA:95,1
DA:96,1
DA:101,1
DA:105,0
DA:111,6
DA:112,2
DA:113,2
DA:114,2
DA:115,2
DA:123,2
DA:131,2
DA:132,2
DA:133,2
DA:135,2
DA:149,0
DA:160,6
DA:161,0
DA:164,0
DA:165,0
DA:166,0
DA:167,0
DA:168,0
DA:175,0
DA:177,0
DA:178,0
DA:179,0
DA:181,0
DA:194,0
DA:207,24
DA:209,24
DA:210,9
DA:213,24
DA:214,9
DA:217,24
DA:218,9
DA:221,24
DA:222,9
DA:225,24
DA:226,6
DA:229,18
DA:230,0
DA:233,18
LF:71
LH:50
BRDA:14,0,0,7
BRDA:17,1,0,7
BRDA:19,2,0,9
BRDA:19,2,1,9
BRDA:26,3,0,0
BRDA:29,4,0,0
BRDA:29,4,1,0
BRDA:29,5,0,0
BRDA:29,5,1,0
BRDA:60,6,0,0
BRDA:60,6,1,6
BRDA:164,7,0,0
BRDA:164,7,1,0
BRDA:225,8,0,6
BRDA:225,8,1,18
BRDA:229,9,0,0
BRDA:229,9,1,18
BRDA:242,10,0,18
BRDA:242,10,1,12
BRF:19
BRH:10
end_of_record
TN:
SF:src/style.scss
FNF:0
FNH:0
DA:1,1
LF:1
LH:1
BRF:0
BRH:0
end_of_record
TN:
SF:src/todo.scss
FNF:0
FNH:0
DA:1,1
LF:1
LH:1
BRF:0
BRH:0
end_of_record
TN:
SF:src/todoFilter.jsx
FN:5,TodoFilter
FN:13,(anonymous_1)
FN:22,(anonymous_2)
FN:31,(anonymous_3)
FNF:4
FNH:1
FNDA:12,TodoFilter
FNDA:0,(anonymous_1)
FNDA:0,(anonymous_2)
FNDA:0,(anonymous_3)
DA:6,12
DA:13,0
DA:22,0
DA:31,0
DA:39,1
LF:5
LH:2
BRF:0
BRH:0
end_of_record
TN:
SF:src/todoForm.jsx
FN:5,(anonymous_0)
FNF:1
FNH:1
FNDA:14,(anonymous_0)
DA:4,1
DA:6,14
DA:29,1
DA:38,1
LF:4
LH:4
BRF:0
BRH:0
end_of_record
TN:
SF:src/todoList.jsx
FN:5,TodoList
FN:14,(anonymous_1)
FN:21,(anonymous_2)
FN:24,(anonymous_3)
FNF:4
FNH:3
FNDA:12,TodoList
FNDA:13,(anonymous_1)
FNDA:2,(anonymous_2)
FNDA:0,(anonymous_3)
DA:12,12
DA:15,13
DA:21,2
DA:24,0
DA:32,1
LF:5
LH:4
BRF:0
BRH:0
end_of_record
TN:
SF:src/todoListItem.jsx
FN:5,TodoListItem
FN:28,(anonymous_1)
FN:43,(anonymous_2)
FNF:3
FNH:3
FNDA:16,TodoListItem
FNDA:3,(anonymous_1)
FNDA:1,(anonymous_2)
DA:12,16
DA:28,3
DA:43,1
DA:51,2
DA:71,2
LF:5
LH:5
BRF:0
BRH:0
end_of_record
TN:
SF:src/utils/axiosInstance.js
FNF:0
FNH:0
DA:3,1
LF:1
LH:1
BRF:0
BRH:0
end_of_record
